<?xml version="1.0" encoding="UTF-8"?>
<!-- Generated by org.testng.reporters.JUnitReportReporter -->
<testsuite hostname="Saurabh" failures="0" tests="1" name="simpleAnnotations.Annotations" time="0.006" errors="0" timestamp="2023-08-30T11:23:27 IST" skipped="0">
  <testcase classname="simpleAnnotations.Annotations" name="s1" time="0.006"/>
</testsuite> <!-- simpleAnnotations.Annotations -->
