<?xml version="1.0" encoding="UTF-8"?>
<!-- Generated by org.testng.reporters.JUnitReportReporter -->
<testsuite hostname="Saurabh" failures="0" tests="4" name="simpleAnnotations.Annotations3" time="0.011" errors="0" timestamp="2023-10-04T11:02:03 IST" skipped="1">
  <testcase classname="simpleAnnotations.Annotations3" name="S2" time="0.003"/>
  <testcase classname="simpleAnnotations.Annotations3" name="S3" time="0.000"/>
  <testcase classname="simpleAnnotations.Annotations3" name="S4" time="0.008"/>
  <testcase classname="simpleAnnotations.Annotations3" name="S1">
    <skipped/>
  </testcase> <!-- S1 -->
</testsuite> <!-- simpleAnnotations.Annotations3 -->
